<?xml version="1.0" encoding="UTF-8"?>
<testsuite name="GreedKtTest" tests="1" skipped="0" failures="0" errors="0" timestamp="2019-11-10T12:45:34" hostname="mthoolen" time="0.12">
  <properties/>
  <testcase name="Score" classname="GreedKtTest" time="0.12"/>
  <system-out><![CDATA[]]></system-out>
  <system-err><![CDATA[]]></system-err>
</testsuite>
